app/build/outputs/logs/manifest-merger-debug-report.txt
-- Merging decision tree log ---
manifest
ADDED from src\main\AndroidManifest.xml:17:1-39:12
	package
		ADDED from src\main\AndroidManifest.xml:19:5-41
	android:versionName
		ADDED from src\main\AndroidManifest.xml:21:5-30
		INJECTED from src\main\AndroidManifest.xml
		INJECTED from src\main\AndroidManifest.xml
	android:versionCode
		ADDED from src\main\AndroidManifest.xml:20:5-28
		INJECTED from src\main\AndroidManifest.xml
		INJECTED from src\main\AndroidManifest.xml
	xmlns:android
		ADDED from src\main\AndroidManifest.xml:18:5-63
uses-feature#0x00020000
ADDED from src\main\AndroidManifest.xml:23:5-78
	android:glEsVersion
		ADDED from src\main\AndroidManifest.xml:23:19-51
	android:required
		ADDED from src\main\AndroidManifest.xml:23:52-75
application
ADDED from src\main\AndroidManifest.xml:25:5-37:19
	android:label
		ADDED from src\main\AndroidManifest.xml:27:13-45
	android:allowBackup
		ADDED from src\main\AndroidManifest.xml:28:13-39
	android:icon
		ADDED from src\main\AndroidManifest.xml:26:13-49
activity#com.example.android.opengl.OpenGLES20Activity
ADDED from src\main\AndroidManifest.xml:29:9-36:20
	android:label
		ADDED from src\main\AndroidManifest.xml:31:17-49
	android:name
		ADDED from src\main\AndroidManifest.xml:30:17-77
intent-filter#android.intent.action.MAIN+android.intent.category.LAUNCHER
ADDED from src\main\AndroidManifest.xml:32:13-35:29
action#android.intent.action.MAIN
ADDED from src\main\AndroidManifest.xml:33:17-69
	android:name
		ADDED from src\main\AndroidManifest.xml:33:25-66
category#android.intent.category.LAUNCHER
ADDED from src\main\AndroidManifest.xml:34:17-77
	android:name
		ADDED from src\main\AndroidManifest.xml:34:27-74
uses-sdk
INJECTED from src\main\AndroidManifest.xml reason: use-sdk injection requested
	android:targetSdkVersion
		INJECTED from src\main\AndroidManifest.xml
		INJECTED from src\main\AndroidManifest.xml
	android:minSdkVersion
		INJECTED from src\main\AndroidManifest.xml
		INJECTED from src\main\AndroidManifest.xml